            topic_0     topic_1  ...    topic_18    topic_19
cluster                          ...                        
0         34.266140    9.207445  ...   40.275102   11.396729
1         17.842318    0.442413  ...    0.536784    1.159268
2        549.911049   81.007903  ...   41.659469   40.146926
3         42.066084   48.268456  ...  164.984292   28.822838
4          3.411198   10.545119  ...    6.804421   29.178138
5          3.923474  414.468241  ...    5.219095    1.757132
6          3.621443    4.381623  ...    1.789644  541.106389
7         11.876392    2.053321  ...    2.730746    4.783931
8          8.386799    3.411706  ...    3.647679    4.275636
9          4.888686    4.971069  ...  266.728055    3.001247
10        12.042639    9.077228  ...    7.695489    5.368050
11         3.436099    8.587442  ...   29.825080    5.708265
12       214.196709  769.453533  ...  425.232438  293.757554
13        37.245397   56.280532  ...   46.425235   22.653854
14        20.337904   40.472404  ...   34.238763   20.360429
15         0.000000   22.939784  ...    1.297017    0.082471
16         2.999706    3.652663  ...    5.454826    5.354838
17         4.824895    0.865870  ...    4.615982    2.219071
18         0.010103    0.180681  ...    0.175196    0.166898
19         4.546245    6.755188  ...    1.108049    1.251048

[20 rows x 20 columns]
