/home/myuan3/.local/lib/python3.7/site-packages/sklearn/utils/validation.py:72: FutureWarning: Pass axis=1 as keyword args. From version 1.0 (renaming of 0.25) passing these as positional arguments will result in an error
  "will result in an error", FutureWarning)
          topic_0   topic_1   topic_2  ...  topic_17  topic_18  topic_19
cluster                                ...                              
0        0.008200  0.002203  0.016538  ...  0.144666  0.009638  0.002727
1        0.022014  0.000546  0.009092  ...  0.444801  0.000662  0.001430
2        0.033242  0.004897  0.002733  ...  0.040460  0.002518  0.002427
3        0.005471  0.006277  0.314663  ...  0.023532  0.021457  0.003748
4        0.000830  0.002565  0.006513  ...  0.175389  0.001655  0.007098
5        0.004533  0.478908  0.003749  ...  0.020399  0.006031  0.002030
6        0.002279  0.002757  0.003321  ...  0.029518  0.001126  0.340523
7        0.007058  0.001220  0.003842  ...  0.018125  0.001623  0.002843
8        0.002504  0.001019  0.000832  ...  0.069445  0.001089  0.001277
9        0.002435  0.002477  0.025068  ...  0.032424  0.132879  0.001495
10       0.003033  0.002286  0.003066  ...  0.081857  0.001938  0.001352
11       0.001721  0.004300  0.050438  ...  0.036897  0.014934  0.002858
12       0.008642  0.031043  0.048859  ...  0.036138  0.017156  0.011851
13       0.006340  0.009580  0.011778  ...  0.024562  0.007902  0.003856
14       0.004047  0.008054  0.010594  ...  0.034534  0.006814  0.004052
15       0.000000  0.048003  0.006091  ...  0.020746  0.002714  0.000173
16       0.003223  0.003924  0.012816  ...  0.025602  0.005860  0.005753
17       0.002582  0.000463  0.004285  ...  0.207661  0.002470  0.001187
18       0.000023  0.000418  0.005371  ...  0.024312  0.000406  0.000386
19       0.001806  0.002683  0.000330  ...  0.024932  0.000440  0.000497

[20 rows x 20 columns]
