/home/myuan3/.local/lib/python3.7/site-packages/sklearn/utils/validation.py:72: FutureWarning: Pass axis=1 as keyword args. From version 1.0 (renaming of 0.25) passing these as positional arguments will result in an error
  "will result in an error", FutureWarning)
          topic_0   topic_1   topic_2  ...  topic_17  topic_18  topic_19
cluster                                ...                              
0        0.008200  0.002203  0.016538  ...  0.144666  0.009638  0.002727
1        0.022014  0.000546  0.009092  ...  0.444801  0.000662  0.001430
2        0.033242  0.004897  0.002733  ...  0.040460  0.002518  0.002427
3        0.005471  0.006277  0.314663  ...  0.023532  0.021457  0.003748
4        0.000830  0.002565  0.006513  ...  0.175389  0.001655  0.007098
5        0.004533  0.478908  0.003749  ...  0.020399  0.006031  0.002030
6        0.002279  0.002757  0.003321  ...  0.029518  0.001126  0.340523
7        0.007058  0.001220  0.003842  ...  0.018125  0.001623  0.002843
8        0.002504  0.001019  0.000832  ...  0.069445  0.001089  0.001277
9        0.002435  0.002477  0.025068  ...  0.032424  0.132879  0.001495
10       0.003033  0.002286  0.003066  ...  0.081857  0.001938  0.001352
11       0.001721  0.004300  0.050438  ...  0.036897  0.014934  0.002858
12       0.008642  0.031043  0.048859  ...  0.036138  0.017156  0.011851
13       0.006340  0.009580  0.011778  ...  0.024562  0.007902  0.003856
14       0.004047  0.008054  0.010594  ...  0.034534  0.006814  0.004052
15       0.000000  0.048003  0.006091  ...  0.020746  0.002714  0.000173
16       0.003223  0.003924  0.012816  ...  0.025602  0.005860  0.005753
17       0.002582  0.000463  0.004285  ...  0.207661  0.002470  0.001187
18       0.000023  0.000418  0.005371  ...  0.024312  0.000406  0.000386
19       0.001806  0.002683  0.000330  ...  0.024932  0.000440  0.000497

[20 rows x 20 columns]
[[0.03236194 0.01826057 0.06585327 0.05181508 0.0252087  0.03012767
  0.15142556 0.04574727 0.03247892 0.02865697 0.03902249 0.04574465
  0.00887706 0.04612778 0.0541968  0.09407819 0.05836426 0.1203171
  0.03819382 0.0131419 ]
 [0.03363566 0.01513192 0.05267652 0.04387945 0.02076623 0.03376335
  0.07860467 0.02915785 0.04251793 0.02103907 0.02844664 0.04329981
  0.00818115 0.12260725 0.05943412 0.0822244  0.0800003  0.16324212
  0.02497723 0.01641421]
 [0.06292388 0.0292485  0.05151416 0.03699801 0.05497669 0.02209599
  0.05053047 0.04436725 0.03459213 0.03333652 0.02113828 0.03500371
  0.03338898 0.02799474 0.13345629 0.14674963 0.05635339 0.07879812
  0.02579356 0.02073972]
 [0.02619344 0.02654415 0.16338196 0.12903954 0.01474532 0.02855878
  0.0817427  0.03895369 0.02117724 0.03518243 0.01734206 0.05837821
  0.01162886 0.02837505 0.04664458 0.07483243 0.07084209 0.05083074
  0.06054229 0.01506429]
 [0.01424724 0.01992821 0.03642292 0.03117903 0.02394841 0.01546124
  0.0403964  0.01909855 0.17442799 0.02874306 0.05378324 0.09233209
  0.00863069 0.04661487 0.05143745 0.07603311 0.08522002 0.12461305
  0.0247333  0.03274921]
 [0.01931001 0.30893892 0.04392832 0.03249043 0.03811179 0.01717084
  0.03968456 0.03153406 0.02953936 0.07834826 0.01177767 0.0331639
  0.01458721 0.01873971 0.0569669  0.08581857 0.03944612 0.03407295
  0.03316519 0.03320523]
 [0.01776696 0.03466655 0.04493839 0.03310292 0.02034489 0.01467691
  0.03618773 0.02800738 0.04819627 0.05400052 0.01890922 0.0497329
  0.01181187 0.02444094 0.0724971  0.08730245 0.05605527 0.06194073
  0.02569982 0.25972116]
 [0.03247461 0.02430958 0.05506663 0.0676465  0.04433053 0.0931359
  0.04831063 0.03285805 0.0317133  0.03624386 0.01720601 0.04162405
  0.01755055 0.04866197 0.10516974 0.14368924 0.04921329 0.06663913
  0.02571157 0.01844487]
 [0.03294003 0.01923328 0.04398284 0.03441985 0.15252678 0.01913958
  0.04861849 0.03937066 0.03497747 0.02697427 0.01758221 0.04357728
  0.0145805  0.03626418 0.09439094 0.1545469  0.04906572 0.10067648
  0.02190169 0.01523085]
 [0.01893398 0.02751228 0.06397925 0.05422581 0.02075198 0.01560995
  0.05790303 0.03965123 0.03632831 0.12773226 0.02087042 0.04836351
  0.01023169 0.02613294 0.05355121 0.07821843 0.07273294 0.0572889
  0.15264513 0.01733672]
 [0.02740972 0.02467073 0.06285145 0.05447372 0.02339337 0.01929587
  0.04741599 0.02551886 0.0605533  0.02722073 0.07739462 0.05392744
  0.01099763 0.04081408 0.06350117 0.07749077 0.14642061 0.09982508
  0.03550822 0.02131663]
 [0.0245091  0.02559536 0.10527815 0.11816601 0.01052543 0.02747995
  0.08314974 0.07671756 0.01806058 0.0416541  0.01346708 0.04314508
  0.01171958 0.08477377 0.04280442 0.06478602 0.05827355 0.0795258
  0.05509815 0.01527063]
 [0.02999229 0.04917195 0.08300406 0.05793082 0.02305265 0.02744775
  0.07265388 0.04499176 0.03756227 0.0631551  0.02374267 0.05486233
  0.0255534  0.02944228 0.07596461 0.09850392 0.06118562 0.06487993
  0.04861908 0.02828366]
 [0.03741802 0.03018566 0.06271046 0.03657775 0.03175692 0.02036307
  0.05859809 0.27947548 0.01855769 0.04131035 0.01439196 0.03928472
  0.01982709 0.01303931 0.07791219 0.09145241 0.03331617 0.04496082
  0.03257614 0.01628574]
 [0.02017395 0.02437684 0.0741397  0.07167394 0.01434465 0.0204998
  0.06374811 0.03331047 0.05643036 0.03800268 0.01571291 0.19600797
  0.01275908 0.02067823 0.05283344 0.07031567 0.07821332 0.07938964
  0.03406735 0.02332174]
 [0.00888107 0.17297898 0.02872465 0.02156636 0.01499452 0.0111066
  0.03214951 0.01616742 0.09468112 0.04254178 0.0110413  0.24653406
  0.0079606  0.0222227  0.05108346 0.05930655 0.04947064 0.06447501
  0.0166621  0.02745149]
 [0.01566312 0.01930639 0.10964367 0.2227437  0.01040073 0.02242277
  0.06858766 0.02769325 0.03538778 0.02954894 0.01011068 0.12355845
  0.00992123 0.02297701 0.03569901 0.05449096 0.07113204 0.05430603
  0.04062873 0.01577774]
 [0.02589657 0.01581052 0.04660011 0.04513459 0.01914842 0.03889428
  0.05444773 0.03338906 0.04151387 0.02148744 0.03828298 0.0332449
  0.00725452 0.1799877  0.04796912 0.06903613 0.09945897 0.13570397
  0.0302585  0.01648063]
 [0.0100843  0.01576235 0.02841531 0.02481444 0.01434329 0.01115818
  0.03089164 0.0155895  0.31211293 0.10330777 0.0177612  0.06027957
  0.01153331 0.03826707 0.04560147 0.05912072 0.06562798 0.06171951
  0.04274771 0.03086178]
 [0.03882878 0.03505029 0.04138821 0.02924954 0.17975496 0.01809272
  0.03800348 0.03736982 0.03979383 0.03418117 0.02415189 0.02751547
  0.01910474 0.02201314 0.10973587 0.15070191 0.04579488 0.06884594
  0.02336803 0.01705526]]
